[0.139s] Invoking command in '/home/ubuntu/ros2_ws/build/my_robot_description': CMAKE_PREFIX_PATH=${CMAKE_PREFIX_PATH}:/home/ubuntu/ros2_ws/install/my_robot_controller:/opt/ros/humble /usr/bin/cmake /home/ubuntu/ros2_ws/src/my_robot_description -DCMAKE_INSTALL_PREFIX=/home/ubuntu/ros2_ws/install/my_robot_description
[0.171s] -- Found ament_cmake: 1.3.10 (/opt/ros/humble/share/ament_cmake/cmake)
[0.262s] -- Override CMake install command with custom implementation using symlinks instead of copying resources
[0.330s] -- Configuring done
[0.338s] -- Generating done
[0.339s] -- Build files have been written to: /home/ubuntu/ros2_ws/build/my_robot_description
[0.342s] Invoked command in '/home/ubuntu/ros2_ws/build/my_robot_description' returned '0': CMAKE_PREFIX_PATH=${CMAKE_PREFIX_PATH}:/home/ubuntu/ros2_ws/install/my_robot_controller:/opt/ros/humble /usr/bin/cmake /home/ubuntu/ros2_ws/src/my_robot_description -DCMAKE_INSTALL_PREFIX=/home/ubuntu/ros2_ws/install/my_robot_description
[0.342s] Invoking command in '/home/ubuntu/ros2_ws/build/my_robot_description': CMAKE_PREFIX_PATH=${CMAKE_PREFIX_PATH}:/home/ubuntu/ros2_ws/install/my_robot_controller:/opt/ros/humble /usr/bin/cmake --build /home/ubuntu/ros2_ws/build/my_robot_description -- -j4 -l4
[0.362s] Invoked command in '/home/ubuntu/ros2_ws/build/my_robot_description' returned '0': CMAKE_PREFIX_PATH=${CMAKE_PREFIX_PATH}:/home/ubuntu/ros2_ws/install/my_robot_controller:/opt/ros/humble /usr/bin/cmake --build /home/ubuntu/ros2_ws/build/my_robot_description -- -j4 -l4
[0.376s] Invoking command in '/home/ubuntu/ros2_ws/build/my_robot_description': CMAKE_PREFIX_PATH=${CMAKE_PREFIX_PATH}:/home/ubuntu/ros2_ws/install/my_robot_controller:/opt/ros/humble /usr/bin/cmake --install /home/ubuntu/ros2_ws/build/my_robot_description
[0.379s] -- Install configuration: ""
[0.379s] -- Execute custom install script
[0.380s] -- Up-to-date symlink: /home/ubuntu/ros2_ws/install/my_robot_description/share/my_robot_description//urdf/common_properties.xacro
[0.380s] -- Symlinking: /home/ubuntu/ros2_ws/install/my_robot_description/share/my_robot_description//urdf/de.urdf
[0.386s] -- Up-to-date symlink: /home/ubuntu/ros2_ws/install/my_robot_description/share/my_robot_description//urdf/mobile_base.xacro
[0.386s] -- Up-to-date symlink: /home/ubuntu/ros2_ws/install/my_robot_description/share/my_robot_description//urdf/my_robot.urdf.xacro
[0.387s] -- Up-to-date symlink: /home/ubuntu/ros2_ws/install/my_robot_description/share/my_robot_description//launch/display.launch.py
[0.388s] -- Up-to-date symlink: /home/ubuntu/ros2_ws/install/my_robot_description/share/my_robot_description//launch/display.launch.xml
[0.388s] -- Up-to-date symlink: /home/ubuntu/ros2_ws/install/my_robot_description/share/my_robot_description//rviz/urdf_config.rviz
[0.388s] -- Symlinking: /home/ubuntu/ros2_ws/install/my_robot_description/share/my_robot_description//mesh/De.STL
[0.393s] -- Up-to-date symlink: /home/ubuntu/ros2_ws/install/my_robot_description/share/ament_index/resource_index/package_run_dependencies/my_robot_description
[0.393s] -- Up-to-date symlink: /home/ubuntu/ros2_ws/install/my_robot_description/share/ament_index/resource_index/parent_prefix_path/my_robot_description
[0.394s] -- Up-to-date symlink: /home/ubuntu/ros2_ws/install/my_robot_description/share/my_robot_description/environment/ament_prefix_path.sh
[0.394s] -- Up-to-date symlink: /home/ubuntu/ros2_ws/install/my_robot_description/share/my_robot_description/environment/ament_prefix_path.dsv
[0.396s] -- Up-to-date symlink: /home/ubuntu/ros2_ws/install/my_robot_description/share/my_robot_description/environment/path.sh
[0.396s] -- Up-to-date symlink: /home/ubuntu/ros2_ws/install/my_robot_description/share/my_robot_description/environment/path.dsv
[0.397s] -- Up-to-date symlink: /home/ubuntu/ros2_ws/install/my_robot_description/share/my_robot_description/local_setup.bash
[0.397s] -- Up-to-date symlink: /home/ubuntu/ros2_ws/install/my_robot_description/share/my_robot_description/local_setup.sh
[0.397s] -- Up-to-date symlink: /home/ubuntu/ros2_ws/install/my_robot_description/share/my_robot_description/local_setup.zsh
[0.398s] -- Up-to-date symlink: /home/ubuntu/ros2_ws/install/my_robot_description/share/my_robot_description/local_setup.dsv
[0.398s] -- Symlinking: /home/ubuntu/ros2_ws/install/my_robot_description/share/my_robot_description/package.dsv
[0.405s] -- Up-to-date symlink: /home/ubuntu/ros2_ws/install/my_robot_description/share/ament_index/resource_index/packages/my_robot_description
[0.406s] -- Up-to-date symlink: /home/ubuntu/ros2_ws/install/my_robot_description/share/my_robot_description/cmake/my_robot_descriptionConfig.cmake
[0.406s] -- Up-to-date symlink: /home/ubuntu/ros2_ws/install/my_robot_description/share/my_robot_description/cmake/my_robot_descriptionConfig-version.cmake
[0.406s] -- Up-to-date symlink: /home/ubuntu/ros2_ws/install/my_robot_description/share/my_robot_description/package.xml
[0.408s] Invoked command in '/home/ubuntu/ros2_ws/build/my_robot_description' returned '0': CMAKE_PREFIX_PATH=${CMAKE_PREFIX_PATH}:/home/ubuntu/ros2_ws/install/my_robot_controller:/opt/ros/humble /usr/bin/cmake --install /home/ubuntu/ros2_ws/build/my_robot_description
