[0.119s] Invoking command in '/home/ubuntu/ros2_ws/build/my_robot_description': CMAKE_PREFIX_PATH=/home/ubuntu/ros2_ws/install/my_robot_controller:/opt/ros/humble /usr/bin/cmake /home/ubuntu/ros2_ws/src/my_robot_description -DCMAKE_INSTALL_PREFIX=/home/ubuntu/ros2_ws/install/my_robot_description
[0.229s] -- The C compiler identification is GNU 11.4.0
[0.286s] -- The CXX compiler identification is GNU 11.4.0
[0.295s] -- Detecting C compiler ABI info
[0.334s] -- Detecting C compiler ABI info - done
[0.338s] -- Check for working C compiler: /usr/bin/cc - skipped
[0.339s] -- Detecting C compile features
[0.340s] -- Detecting C compile features - done
[0.342s] -- Detecting CXX compiler ABI info
[0.378s] -- Detecting CXX compiler ABI info - done
[0.382s] -- Check for working CXX compiler: /usr/bin/c++ - skipped
[0.383s] -- Detecting CXX compile features
[0.384s] -- Detecting CXX compile features - done
[0.391s] -- Found ament_cmake: 1.3.10 (/opt/ros/humble/share/ament_cmake/cmake)
[0.472s] -- Found Python3: /usr/bin/python3 (found version "3.10.12") found components: Interpreter 
[0.563s] -- Configuring done
[0.564s] -- Generating done
[0.565s] -- Build files have been written to: /home/ubuntu/ros2_ws/build/my_robot_description
[0.567s] Invoked command in '/home/ubuntu/ros2_ws/build/my_robot_description' returned '0': CMAKE_PREFIX_PATH=/home/ubuntu/ros2_ws/install/my_robot_controller:/opt/ros/humble /usr/bin/cmake /home/ubuntu/ros2_ws/src/my_robot_description -DCMAKE_INSTALL_PREFIX=/home/ubuntu/ros2_ws/install/my_robot_description
[0.568s] Invoking command in '/home/ubuntu/ros2_ws/build/my_robot_description': CMAKE_PREFIX_PATH=/home/ubuntu/ros2_ws/install/my_robot_controller:/opt/ros/humble /usr/bin/cmake --build /home/ubuntu/ros2_ws/build/my_robot_description -- -j4 -l4
[0.582s] Invoked command in '/home/ubuntu/ros2_ws/build/my_robot_description' returned '0': CMAKE_PREFIX_PATH=/home/ubuntu/ros2_ws/install/my_robot_controller:/opt/ros/humble /usr/bin/cmake --build /home/ubuntu/ros2_ws/build/my_robot_description -- -j4 -l4
[0.593s] Invoking command in '/home/ubuntu/ros2_ws/build/my_robot_description': CMAKE_PREFIX_PATH=/home/ubuntu/ros2_ws/install/my_robot_controller:/opt/ros/humble /usr/bin/cmake --install /home/ubuntu/ros2_ws/build/my_robot_description
[0.596s] -- Install configuration: ""
[0.596s] -- Installing: /home/ubuntu/ros2_ws/install/my_robot_description/share/my_robot_description//urdf
[0.596s] -- Installing: /home/ubuntu/ros2_ws/install/my_robot_description/share/my_robot_description//urdf/my_robot.urdf
[0.596s] -- Installing: /home/ubuntu/ros2_ws/install/my_robot_description/share/ament_index/resource_index/package_run_dependencies/my_robot_description
[0.596s] -- Installing: /home/ubuntu/ros2_ws/install/my_robot_description/share/ament_index/resource_index/parent_prefix_path/my_robot_description
[0.596s] -- Installing: /home/ubuntu/ros2_ws/install/my_robot_description/share/my_robot_description/environment/ament_prefix_path.sh
[0.596s] -- Installing: /home/ubuntu/ros2_ws/install/my_robot_description/share/my_robot_description/environment/ament_prefix_path.dsv
[0.596s] -- Installing: /home/ubuntu/ros2_ws/install/my_robot_description/share/my_robot_description/environment/path.sh
[0.596s] -- Installing: /home/ubuntu/ros2_ws/install/my_robot_description/share/my_robot_description/environment/path.dsv
[0.596s] -- Installing: /home/ubuntu/ros2_ws/install/my_robot_description/share/my_robot_description/local_setup.bash
[0.597s] -- Installing: /home/ubuntu/ros2_ws/install/my_robot_description/share/my_robot_description/local_setup.sh
[0.597s] -- Installing: /home/ubuntu/ros2_ws/install/my_robot_description/share/my_robot_description/local_setup.zsh
[0.597s] -- Installing: /home/ubuntu/ros2_ws/install/my_robot_description/share/my_robot_description/local_setup.dsv
[0.597s] -- Installing: /home/ubuntu/ros2_ws/install/my_robot_description/share/my_robot_description/package.dsv
[0.597s] -- Installing: /home/ubuntu/ros2_ws/install/my_robot_description/share/ament_index/resource_index/packages/my_robot_description
[0.597s] -- Installing: /home/ubuntu/ros2_ws/install/my_robot_description/share/my_robot_description/cmake/my_robot_descriptionConfig.cmake
[0.597s] -- Installing: /home/ubuntu/ros2_ws/install/my_robot_description/share/my_robot_description/cmake/my_robot_descriptionConfig-version.cmake
[0.597s] -- Installing: /home/ubuntu/ros2_ws/install/my_robot_description/share/my_robot_description/package.xml
[0.598s] Invoked command in '/home/ubuntu/ros2_ws/build/my_robot_description' returned '0': CMAKE_PREFIX_PATH=/home/ubuntu/ros2_ws/install/my_robot_controller:/opt/ros/humble /usr/bin/cmake --install /home/ubuntu/ros2_ws/build/my_robot_description
