[0.148s] Invoking command in '/home/ubuntu/ros2_ws/build/my_robot_description': CMAKE_PREFIX_PATH=${CMAKE_PREFIX_PATH}:/home/ubuntu/ros2_ws/install/my_robot_controller:/opt/ros/humble /usr/bin/cmake --build /home/ubuntu/ros2_ws/build/my_robot_description -- -j4 -l4
[0.171s] Invoked command in '/home/ubuntu/ros2_ws/build/my_robot_description' returned '0': CMAKE_PREFIX_PATH=${CMAKE_PREFIX_PATH}:/home/ubuntu/ros2_ws/install/my_robot_controller:/opt/ros/humble /usr/bin/cmake --build /home/ubuntu/ros2_ws/build/my_robot_description -- -j4 -l4
[0.188s] Invoking command in '/home/ubuntu/ros2_ws/build/my_robot_description': CMAKE_PREFIX_PATH=${CMAKE_PREFIX_PATH}:/home/ubuntu/ros2_ws/install/my_robot_controller:/opt/ros/humble /usr/bin/cmake --install /home/ubuntu/ros2_ws/build/my_robot_description
[0.191s] -- Install configuration: ""
[0.192s] -- Execute custom install script
[0.192s] -- Up-to-date symlink: /home/ubuntu/ros2_ws/install/my_robot_description/share/my_robot_description//urdf/common_properties.xacro
[0.192s] -- Up-to-date symlink: /home/ubuntu/ros2_ws/install/my_robot_description/share/my_robot_description//urdf/de.urdf
[0.192s] -- Up-to-date symlink: /home/ubuntu/ros2_ws/install/my_robot_description/share/my_robot_description//urdf/mobile_base.xacro
[0.192s] -- Up-to-date symlink: /home/ubuntu/ros2_ws/install/my_robot_description/share/my_robot_description//urdf/my_robot.urdf
[0.192s] -- Up-to-date symlink: /home/ubuntu/ros2_ws/install/my_robot_description/share/my_robot_description//launch/display.launch.py
[0.192s] -- Up-to-date symlink: /home/ubuntu/ros2_ws/install/my_robot_description/share/my_robot_description//launch/display.launch.xml
[0.193s] -- Up-to-date symlink: /home/ubuntu/ros2_ws/install/my_robot_description/share/my_robot_description//rviz/urdf_config.rviz
[0.193s] -- Up-to-date symlink: /home/ubuntu/ros2_ws/install/my_robot_description/share/my_robot_description//mesh/De.STL
[0.193s] -- Up-to-date symlink: /home/ubuntu/ros2_ws/install/my_robot_description/share/my_robot_description//mesh/Than.STL
[0.193s] -- Up-to-date symlink: /home/ubuntu/ros2_ws/install/my_robot_description/share/ament_index/resource_index/package_run_dependencies/my_robot_description
[0.193s] -- Up-to-date symlink: /home/ubuntu/ros2_ws/install/my_robot_description/share/ament_index/resource_index/parent_prefix_path/my_robot_description
[0.193s] -- Up-to-date symlink: /home/ubuntu/ros2_ws/install/my_robot_description/share/my_robot_description/environment/ament_prefix_path.sh
[0.193s] -- Up-to-date symlink: /home/ubuntu/ros2_ws/install/my_robot_description/share/my_robot_description/environment/ament_prefix_path.dsv
[0.193s] -- Up-to-date symlink: /home/ubuntu/ros2_ws/install/my_robot_description/share/my_robot_description/environment/path.sh
[0.193s] -- Up-to-date symlink: /home/ubuntu/ros2_ws/install/my_robot_description/share/my_robot_description/environment/path.dsv
[0.193s] -- Up-to-date symlink: /home/ubuntu/ros2_ws/install/my_robot_description/share/my_robot_description/local_setup.bash
[0.193s] -- Up-to-date symlink: /home/ubuntu/ros2_ws/install/my_robot_description/share/my_robot_description/local_setup.sh
[0.193s] -- Up-to-date symlink: /home/ubuntu/ros2_ws/install/my_robot_description/share/my_robot_description/local_setup.zsh
[0.193s] -- Up-to-date symlink: /home/ubuntu/ros2_ws/install/my_robot_description/share/my_robot_description/local_setup.dsv
[0.193s] -- Symlinking: /home/ubuntu/ros2_ws/install/my_robot_description/share/my_robot_description/package.dsv
[0.199s] -- Up-to-date symlink: /home/ubuntu/ros2_ws/install/my_robot_description/share/ament_index/resource_index/packages/my_robot_description
[0.199s] -- Up-to-date symlink: /home/ubuntu/ros2_ws/install/my_robot_description/share/my_robot_description/cmake/my_robot_descriptionConfig.cmake
[0.199s] -- Up-to-date symlink: /home/ubuntu/ros2_ws/install/my_robot_description/share/my_robot_description/cmake/my_robot_descriptionConfig-version.cmake
[0.199s] -- Up-to-date symlink: /home/ubuntu/ros2_ws/install/my_robot_description/share/my_robot_description/package.xml
[0.200s] Invoked command in '/home/ubuntu/ros2_ws/build/my_robot_description' returned '0': CMAKE_PREFIX_PATH=${CMAKE_PREFIX_PATH}:/home/ubuntu/ros2_ws/install/my_robot_controller:/opt/ros/humble /usr/bin/cmake --install /home/ubuntu/ros2_ws/build/my_robot_description
