[0.312s] Invoking command in '/home/ubuntu/ros2_ws/build/my_robot_controller': PYTHONPATH=/home/ubuntu/ros2_ws/build/my_robot_controller/prefix_override:/usr/lib/python3/dist-packages/colcon_core/task/python/colcon_distutils_commands:/home/ubuntu/ros2_ws/install/my_robot_controller/lib/python3.10/site-packages:${PYTHONPATH} /usr/bin/python3 -W ignore:setup.py install is deprecated setup.py develop --editable --build-directory /home/ubuntu/ros2_ws/build/my_robot_controller/build --no-deps symlink_data
[0.430s] running develop
[0.501s] running egg_info
[0.501s] writing my_robot_controller.egg-info/PKG-INFO
[0.501s] writing dependency_links to my_robot_controller.egg-info/dependency_links.txt
[0.501s] writing entry points to my_robot_controller.egg-info/entry_points.txt
[0.501s] writing requirements to my_robot_controller.egg-info/requires.txt
[0.501s] writing top-level names to my_robot_controller.egg-info/top_level.txt
[0.502s] reading manifest file 'my_robot_controller.egg-info/SOURCES.txt'
[0.503s] writing manifest file 'my_robot_controller.egg-info/SOURCES.txt'
[0.504s] running build_ext
[0.504s] Creating /home/ubuntu/ros2_ws/install/my_robot_controller/lib/python3.10/site-packages/my-robot-controller.egg-link (link to .)
[0.504s] Installing draw_circle script to /home/ubuntu/ros2_ws/install/my_robot_controller/lib/my_robot_controller
[0.504s] Installing pose_subscriber script to /home/ubuntu/ros2_ws/install/my_robot_controller/lib/my_robot_controller
[0.504s] Installing test_node script to /home/ubuntu/ros2_ws/install/my_robot_controller/lib/my_robot_controller
[0.504s] Installing turtle_controller script to /home/ubuntu/ros2_ws/install/my_robot_controller/lib/my_robot_controller
[0.504s] 
[0.504s] Installed /home/ubuntu/ros2_ws/build/my_robot_controller
[0.504s] running symlink_data
[0.520s] Invoked command in '/home/ubuntu/ros2_ws/build/my_robot_controller' returned '0': PYTHONPATH=/home/ubuntu/ros2_ws/build/my_robot_controller/prefix_override:/usr/lib/python3/dist-packages/colcon_core/task/python/colcon_distutils_commands:/home/ubuntu/ros2_ws/install/my_robot_controller/lib/python3.10/site-packages:${PYTHONPATH} /usr/bin/python3 -W ignore:setup.py install is deprecated setup.py develop --editable --build-directory /home/ubuntu/ros2_ws/build/my_robot_controller/build --no-deps symlink_data
