[0.341s] Invoking command in '/home/ubuntu/ros2_ws/src/my_robot_controller': PYTHONPATH=/home/ubuntu/ros2_ws/build/my_robot_controller/prefix_override:/usr/lib/python3/dist-packages/colcon_core/task/python/colcon_distutils_commands:/home/ubuntu/ros2_ws/install/my_robot_controller/lib/python3.10/site-packages:${PYTHONPATH} /usr/bin/python3 -W ignore:setup.py install is deprecated setup.py egg_info --egg-base ../../build/my_robot_controller build --build-base /home/ubuntu/ros2_ws/build/my_robot_controller/build install --record /home/ubuntu/ros2_ws/build/my_robot_controller/install.log --single-version-externally-managed install_data
[0.458s] running egg_info
[0.458s] writing ../../build/my_robot_controller/my_robot_controller.egg-info/PKG-INFO
[0.458s] writing dependency_links to ../../build/my_robot_controller/my_robot_controller.egg-info/dependency_links.txt
[0.459s] writing entry points to ../../build/my_robot_controller/my_robot_controller.egg-info/entry_points.txt
[0.459s] writing requirements to ../../build/my_robot_controller/my_robot_controller.egg-info/requires.txt
[0.459s] writing top-level names to ../../build/my_robot_controller/my_robot_controller.egg-info/top_level.txt
[0.459s] reading manifest file '../../build/my_robot_controller/my_robot_controller.egg-info/SOURCES.txt'
[0.460s] writing manifest file '../../build/my_robot_controller/my_robot_controller.egg-info/SOURCES.txt'
[0.460s] running build
[0.460s] running build_py
[0.463s] running install
[0.463s] running install_lib
[0.463s] running install_data
[0.463s] running install_egg_info
[0.464s] removing '/home/ubuntu/ros2_ws/install/my_robot_controller/lib/python3.10/site-packages/my_robot_controller-0.0.0-py3.10.egg-info' (and everything under it)
[0.464s] Copying ../../build/my_robot_controller/my_robot_controller.egg-info to /home/ubuntu/ros2_ws/install/my_robot_controller/lib/python3.10/site-packages/my_robot_controller-0.0.0-py3.10.egg-info
[0.465s] running install_scripts
[0.475s] Installing draw_circle script to /home/ubuntu/ros2_ws/install/my_robot_controller/lib/my_robot_controller
[0.475s] Installing pose_subscriber script to /home/ubuntu/ros2_ws/install/my_robot_controller/lib/my_robot_controller
[0.476s] Installing test_node script to /home/ubuntu/ros2_ws/install/my_robot_controller/lib/my_robot_controller
[0.476s] Installing turtle_controller script to /home/ubuntu/ros2_ws/install/my_robot_controller/lib/my_robot_controller
[0.476s] writing list of installed files to '/home/ubuntu/ros2_ws/build/my_robot_controller/install.log'
[0.491s] Invoked command in '/home/ubuntu/ros2_ws/src/my_robot_controller' returned '0': PYTHONPATH=/home/ubuntu/ros2_ws/build/my_robot_controller/prefix_override:/usr/lib/python3/dist-packages/colcon_core/task/python/colcon_distutils_commands:/home/ubuntu/ros2_ws/install/my_robot_controller/lib/python3.10/site-packages:${PYTHONPATH} /usr/bin/python3 -W ignore:setup.py install is deprecated setup.py egg_info --egg-base ../../build/my_robot_controller build --build-base /home/ubuntu/ros2_ws/build/my_robot_controller/build install --record /home/ubuntu/ros2_ws/build/my_robot_controller/install.log --single-version-externally-managed install_data
