[0.406s] Invoking command in '/home/ubuntu/ros2_ws/build/my_robot_controller': PYTHONPATH=/home/ubuntu/ros2_ws/build/my_robot_controller/prefix_override:/usr/lib/python3/dist-packages/colcon_core/task/python/colcon_distutils_commands:/home/ubuntu/ros2_ws/install/my_robot_controller/lib/python3.10/site-packages:${PYTHONPATH} /usr/bin/python3 -W ignore:setup.py install is deprecated setup.py develop --editable --build-directory /home/ubuntu/ros2_ws/build/my_robot_controller/build --no-deps symlink_data
[0.524s] running develop
[0.586s] running egg_info
[0.586s] writing my_robot_controller.egg-info/PKG-INFO
[0.587s] writing dependency_links to my_robot_controller.egg-info/dependency_links.txt
[0.587s] writing entry points to my_robot_controller.egg-info/entry_points.txt
[0.587s] writing requirements to my_robot_controller.egg-info/requires.txt
[0.587s] writing top-level names to my_robot_controller.egg-info/top_level.txt
[0.588s] reading manifest file 'my_robot_controller.egg-info/SOURCES.txt'
[0.589s] writing manifest file 'my_robot_controller.egg-info/SOURCES.txt'
[0.589s] running build_ext
[0.589s] Creating /home/ubuntu/ros2_ws/install/my_robot_controller/lib/python3.10/site-packages/my-robot-controller.egg-link (link to .)
[0.590s] Installing draw_circle script to /home/ubuntu/ros2_ws/install/my_robot_controller/lib/my_robot_controller
[0.590s] Installing pose_subscriber script to /home/ubuntu/ros2_ws/install/my_robot_controller/lib/my_robot_controller
[0.590s] Installing test_node script to /home/ubuntu/ros2_ws/install/my_robot_controller/lib/my_robot_controller
[0.590s] Installing turtle_controller script to /home/ubuntu/ros2_ws/install/my_robot_controller/lib/my_robot_controller
[0.590s] 
[0.590s] Installed /home/ubuntu/ros2_ws/build/my_robot_controller
[0.590s] running symlink_data
[0.604s] Invoked command in '/home/ubuntu/ros2_ws/build/my_robot_controller' returned '0': PYTHONPATH=/home/ubuntu/ros2_ws/build/my_robot_controller/prefix_override:/usr/lib/python3/dist-packages/colcon_core/task/python/colcon_distutils_commands:/home/ubuntu/ros2_ws/install/my_robot_controller/lib/python3.10/site-packages:${PYTHONPATH} /usr/bin/python3 -W ignore:setup.py install is deprecated setup.py develop --editable --build-directory /home/ubuntu/ros2_ws/build/my_robot_controller/build --no-deps symlink_data
