[0.122s] Invoking command in '/home/ubuntu/ros2_ws/build/my_robot_description': CMAKE_PREFIX_PATH=${CMAKE_PREFIX_PATH}:/home/ubuntu/ros2_ws/install/my_robot_controller:/opt/ros/humble /usr/bin/cmake --build /home/ubuntu/ros2_ws/build/my_robot_description -- -j4 -l4
[0.134s] -- Found ament_cmake: 1.3.10 (/opt/ros/humble/share/ament_cmake/cmake)
[0.224s] -- Configuring done
[0.226s] -- Generating done
[0.229s] -- Build files have been written to: /home/ubuntu/ros2_ws/build/my_robot_description
[0.238s] Invoked command in '/home/ubuntu/ros2_ws/build/my_robot_description' returned '0': CMAKE_PREFIX_PATH=${CMAKE_PREFIX_PATH}:/home/ubuntu/ros2_ws/install/my_robot_controller:/opt/ros/humble /usr/bin/cmake --build /home/ubuntu/ros2_ws/build/my_robot_description -- -j4 -l4
[0.249s] Invoking command in '/home/ubuntu/ros2_ws/build/my_robot_description': CMAKE_PREFIX_PATH=${CMAKE_PREFIX_PATH}:/home/ubuntu/ros2_ws/install/my_robot_controller:/opt/ros/humble /usr/bin/cmake --install /home/ubuntu/ros2_ws/build/my_robot_description
[0.252s] -- Install configuration: ""
[0.252s] -- Up-to-date: /home/ubuntu/ros2_ws/install/my_robot_description/share/my_robot_description//urdf
[0.252s] -- Up-to-date: /home/ubuntu/ros2_ws/install/my_robot_description/share/my_robot_description//urdf/my_robot.urdf
[0.252s] -- Up-to-date: /home/ubuntu/ros2_ws/install/my_robot_description/share/my_robot_description//launch
[0.252s] -- Up-to-date: /home/ubuntu/ros2_ws/install/my_robot_description/share/my_robot_description//launch/display.launch.xml
[0.252s] -- Up-to-date: /home/ubuntu/ros2_ws/install/my_robot_description/share/my_robot_description//launch/display.launch.py
[0.252s] -- Installing: /home/ubuntu/ros2_ws/install/my_robot_description/share/my_robot_description//rviz
[0.252s] -- Installing: /home/ubuntu/ros2_ws/install/my_robot_description/share/my_robot_description//rviz/urdf_config.rviz
[0.252s] -- Up-to-date: /home/ubuntu/ros2_ws/install/my_robot_description/share/ament_index/resource_index/package_run_dependencies/my_robot_description
[0.252s] -- Up-to-date: /home/ubuntu/ros2_ws/install/my_robot_description/share/ament_index/resource_index/parent_prefix_path/my_robot_description
[0.253s] -- Up-to-date: /home/ubuntu/ros2_ws/install/my_robot_description/share/my_robot_description/environment/ament_prefix_path.sh
[0.253s] -- Installing: /home/ubuntu/ros2_ws/install/my_robot_description/share/my_robot_description/environment/ament_prefix_path.dsv
[0.253s] -- Up-to-date: /home/ubuntu/ros2_ws/install/my_robot_description/share/my_robot_description/environment/path.sh
[0.253s] -- Installing: /home/ubuntu/ros2_ws/install/my_robot_description/share/my_robot_description/environment/path.dsv
[0.253s] -- Up-to-date: /home/ubuntu/ros2_ws/install/my_robot_description/share/my_robot_description/local_setup.bash
[0.253s] -- Up-to-date: /home/ubuntu/ros2_ws/install/my_robot_description/share/my_robot_description/local_setup.sh
[0.253s] -- Up-to-date: /home/ubuntu/ros2_ws/install/my_robot_description/share/my_robot_description/local_setup.zsh
[0.253s] -- Installing: /home/ubuntu/ros2_ws/install/my_robot_description/share/my_robot_description/local_setup.dsv
[0.253s] -- Installing: /home/ubuntu/ros2_ws/install/my_robot_description/share/my_robot_description/package.dsv
[0.253s] -- Up-to-date: /home/ubuntu/ros2_ws/install/my_robot_description/share/ament_index/resource_index/packages/my_robot_description
[0.253s] -- Up-to-date: /home/ubuntu/ros2_ws/install/my_robot_description/share/my_robot_description/cmake/my_robot_descriptionConfig.cmake
[0.253s] -- Up-to-date: /home/ubuntu/ros2_ws/install/my_robot_description/share/my_robot_description/cmake/my_robot_descriptionConfig-version.cmake
[0.253s] -- Up-to-date: /home/ubuntu/ros2_ws/install/my_robot_description/share/my_robot_description/package.xml
[0.254s] Invoked command in '/home/ubuntu/ros2_ws/build/my_robot_description' returned '0': CMAKE_PREFIX_PATH=${CMAKE_PREFIX_PATH}:/home/ubuntu/ros2_ws/install/my_robot_controller:/opt/ros/humble /usr/bin/cmake --install /home/ubuntu/ros2_ws/build/my_robot_description
