[0.349s] Invoking command in '/home/ubuntu/ros2_ws/src/my_robot_controller': PYTHONPATH=/home/ubuntu/ros2_ws/build/my_robot_controller/prefix_override:/usr/lib/python3/dist-packages/colcon_core/task/python/colcon_distutils_commands:/home/ubuntu/ros2_ws/install/my_robot_controller/lib/python3.10/site-packages:${PYTHONPATH} /usr/bin/python3 -W ignore:setup.py install is deprecated setup.py egg_info --egg-base ../../build/my_robot_controller build --build-base /home/ubuntu/ros2_ws/build/my_robot_controller/build install --record /home/ubuntu/ros2_ws/build/my_robot_controller/install.log --single-version-externally-managed install_data
[0.442s] running egg_info
[0.443s] creating ../../build/my_robot_controller/my_robot_controller.egg-info
[0.443s] writing ../../build/my_robot_controller/my_robot_controller.egg-info/PKG-INFO
[0.443s] writing dependency_links to ../../build/my_robot_controller/my_robot_controller.egg-info/dependency_links.txt
[0.443s] writing entry points to ../../build/my_robot_controller/my_robot_controller.egg-info/entry_points.txt
[0.443s] writing requirements to ../../build/my_robot_controller/my_robot_controller.egg-info/requires.txt
[0.443s] writing top-level names to ../../build/my_robot_controller/my_robot_controller.egg-info/top_level.txt
[0.443s] writing manifest file '../../build/my_robot_controller/my_robot_controller.egg-info/SOURCES.txt'
[0.444s] reading manifest file '../../build/my_robot_controller/my_robot_controller.egg-info/SOURCES.txt'
[0.444s] writing manifest file '../../build/my_robot_controller/my_robot_controller.egg-info/SOURCES.txt'
[0.444s] running build
[0.444s] running build_py
[0.444s] creating /home/ubuntu/ros2_ws/build/my_robot_controller/build
[0.445s] creating /home/ubuntu/ros2_ws/build/my_robot_controller/build/lib
[0.445s] creating /home/ubuntu/ros2_ws/build/my_robot_controller/build/lib/my_robot_controller
[0.445s] copying my_robot_controller/__init__.py -> /home/ubuntu/ros2_ws/build/my_robot_controller/build/lib/my_robot_controller
[0.445s] running install
[0.445s] running install_lib
[0.445s] creating /home/ubuntu/ros2_ws/install/my_robot_controller/lib/python3.10/site-packages/my_robot_controller
[0.445s] copying /home/ubuntu/ros2_ws/build/my_robot_controller/build/lib/my_robot_controller/__init__.py -> /home/ubuntu/ros2_ws/install/my_robot_controller/lib/python3.10/site-packages/my_robot_controller
[0.445s] byte-compiling /home/ubuntu/ros2_ws/install/my_robot_controller/lib/python3.10/site-packages/my_robot_controller/__init__.py to __init__.cpython-310.pyc
[0.446s] running install_data
[0.446s] creating /home/ubuntu/ros2_ws/install/my_robot_controller/share/ament_index
[0.446s] creating /home/ubuntu/ros2_ws/install/my_robot_controller/share/ament_index/resource_index
[0.446s] creating /home/ubuntu/ros2_ws/install/my_robot_controller/share/ament_index/resource_index/packages
[0.446s] copying resource/my_robot_controller -> /home/ubuntu/ros2_ws/install/my_robot_controller/share/ament_index/resource_index/packages
[0.446s] copying package.xml -> /home/ubuntu/ros2_ws/install/my_robot_controller/share/my_robot_controller
[0.446s] running install_egg_info
[0.446s] Copying ../../build/my_robot_controller/my_robot_controller.egg-info to /home/ubuntu/ros2_ws/install/my_robot_controller/lib/python3.10/site-packages/my_robot_controller-0.0.0-py3.10.egg-info
[0.447s] running install_scripts
[0.456s] writing list of installed files to '/home/ubuntu/ros2_ws/build/my_robot_controller/install.log'
[0.467s] Invoked command in '/home/ubuntu/ros2_ws/src/my_robot_controller' returned '0': PYTHONPATH=/home/ubuntu/ros2_ws/build/my_robot_controller/prefix_override:/usr/lib/python3/dist-packages/colcon_core/task/python/colcon_distutils_commands:/home/ubuntu/ros2_ws/install/my_robot_controller/lib/python3.10/site-packages:${PYTHONPATH} /usr/bin/python3 -W ignore:setup.py install is deprecated setup.py egg_info --egg-base ../../build/my_robot_controller build --build-base /home/ubuntu/ros2_ws/build/my_robot_controller/build install --record /home/ubuntu/ros2_ws/build/my_robot_controller/install.log --single-version-externally-managed install_data
