[0.327s] Invoking command in '/home/ubuntu/ros2_ws/src/my_robot_controller': PYTHONPATH=/home/ubuntu/ros2_ws/build/my_robot_controller/prefix_override:/usr/lib/python3/dist-packages/colcon_core/task/python/colcon_distutils_commands:/home/ubuntu/ros2_ws/install/my_robot_controller/lib/python3.10/site-packages:${PYTHONPATH} /usr/bin/python3 -W ignore:setup.py install is deprecated setup.py egg_info --egg-base ../../build/my_robot_controller build --build-base /home/ubuntu/ros2_ws/build/my_robot_controller/build install --record /home/ubuntu/ros2_ws/build/my_robot_controller/install.log --single-version-externally-managed install_data
[0.439s] running egg_info
[0.439s] writing ../../build/my_robot_controller/my_robot_controller.egg-info/PKG-INFO
[0.440s] writing dependency_links to ../../build/my_robot_controller/my_robot_controller.egg-info/dependency_links.txt
[0.440s] writing entry points to ../../build/my_robot_controller/my_robot_controller.egg-info/entry_points.txt
[0.440s] writing requirements to ../../build/my_robot_controller/my_robot_controller.egg-info/requires.txt
[0.440s] writing top-level names to ../../build/my_robot_controller/my_robot_controller.egg-info/top_level.txt
[0.441s] reading manifest file '../../build/my_robot_controller/my_robot_controller.egg-info/SOURCES.txt'
[0.441s] writing manifest file '../../build/my_robot_controller/my_robot_controller.egg-info/SOURCES.txt'
[0.441s] running build
[0.441s] running build_py
[0.442s] running install
[0.442s] running install_lib
[0.442s] running install_data
[0.443s] running install_egg_info
[0.443s] removing '/home/ubuntu/ros2_ws/install/my_robot_controller/lib/python3.10/site-packages/my_robot_controller-0.0.0-py3.10.egg-info' (and everything under it)
[0.443s] Copying ../../build/my_robot_controller/my_robot_controller.egg-info to /home/ubuntu/ros2_ws/install/my_robot_controller/lib/python3.10/site-packages/my_robot_controller-0.0.0-py3.10.egg-info
[0.444s] running install_scripts
[0.453s] Installing draw_circle script to /home/ubuntu/ros2_ws/install/my_robot_controller/lib/my_robot_controller
[0.453s] Installing pose_subscriber script to /home/ubuntu/ros2_ws/install/my_robot_controller/lib/my_robot_controller
[0.453s] Installing test_node script to /home/ubuntu/ros2_ws/install/my_robot_controller/lib/my_robot_controller
[0.453s] Installing turtle_controller script to /home/ubuntu/ros2_ws/install/my_robot_controller/lib/my_robot_controller
[0.454s] writing list of installed files to '/home/ubuntu/ros2_ws/build/my_robot_controller/install.log'
[0.468s] Invoked command in '/home/ubuntu/ros2_ws/src/my_robot_controller' returned '0': PYTHONPATH=/home/ubuntu/ros2_ws/build/my_robot_controller/prefix_override:/usr/lib/python3/dist-packages/colcon_core/task/python/colcon_distutils_commands:/home/ubuntu/ros2_ws/install/my_robot_controller/lib/python3.10/site-packages:${PYTHONPATH} /usr/bin/python3 -W ignore:setup.py install is deprecated setup.py egg_info --egg-base ../../build/my_robot_controller build --build-base /home/ubuntu/ros2_ws/build/my_robot_controller/build install --record /home/ubuntu/ros2_ws/build/my_robot_controller/install.log --single-version-externally-managed install_data
